<?xml version="1.0" encoding="UTF-8"?>
<!-- Generated by org.testng.reporters.JUnitReportReporter -->
<testsuite hostname="BSA-Laptop" failures="0" tests="1" name="com.associateArchitect.StepDefinitions.flightReservation_OnewayTrip" time="20.422" errors="1" timestamp="2023-07-03T23:31:17 IST" skipped="0">
  <testcase classname="com.associateArchitect.StepDefinitions.flightReservation_OnewayTrip" name="runScenario" time="20.422">
    <error message="Unresolved compilation problems: 
	test cannot be resolved to a variable
	extent cannot be resolved
	test cannot be resolved to a variable
	test cannot be resolved
	test cannot be resolved
" type="java.lang.Error">
      <![CDATA[java.lang.Error: Unresolved compilation problems: 
test cannot be resolved to a variable
extent cannot be resolved
test cannot be resolved to a variable
test cannot be resolved
test cannot be resolved

at com.associateArchitect.StepDefinitions.flightReservation_OnewayTrip.userIsOnTheFlightBookingPage(flightReservation_OnewayTrip.java:84)
at ✽.User is on the flight booking page to make oneway trip(file:///C:/Users/BSA/git/Associate-Architect/AAAutomationFramework/./src/test/resources/featureFiles_Cucumber/makeMyTrip_OnewayTrip.feature:6)
]]>
    </error>
  </testcase> <!-- runScenario -->
  <system-out/>
</testsuite> <!-- com.associateArchitect.StepDefinitions.flightReservation_OnewayTrip -->
