<?xml version="1.0" encoding="UTF-8"?>
<!-- Generated by org.testng.reporters.JUnitReportReporter -->
<testsuite hostname="BSA-Laptop" failures="0" tests="5" name="com.associateArchitect.testRunner.testRunner" time="222.475" errors="1" timestamp="2023-07-13T10:21:26 IST" skipped="2">
  <testcase classname="com.associateArchitect.testRunner.testRunner" name="runScenario" time="46.394">
    <skipped/>
  </testcase> <!-- runScenario -->
  <system-out/>
  <testcase classname="com.associateArchitect.testRunner.testRunner" name="runScenario" time="64.834"/>
  <system-out/>
  <testcase classname="com.associateArchitect.testRunner.testRunner" name="runScenario" time="52.765"/>
  <system-out/>
  <testcase classname="com.associateArchitect.testRunner.testRunner" name="runScenario" time="32.103">
    <skipped/>
  </testcase> <!-- runScenario -->
  <system-out/>
  <testcase classname="com.associateArchitect.testRunner.testRunner" name="runScenario" time="26.379">
    <error message="Session ID is null. Using WebDriver after calling quit()?
Build info: version: &#039;4.8.3&#039;, revision: &#039;e5e76298c3&#039;
System info: os.name: &#039;Windows 11&#039;, os.arch: &#039;amd64&#039;, os.version: &#039;10.0&#039;, java.version: &#039;11.0.18&#039;
Driver info: org.openqa.selenium.firefox.FirefoxDriver
Command: [null, findElement {using=xpath, value=//span[@class=&#039;lbl_input appendBottom5&#039;]}]
Capabilities {acceptInsecureCerts: true, browserName: firefox, browserVersion: 115.0.2, moz:accessibilityChecks: false, moz:buildID: 20230710165010, moz:debuggerAddress: 127.0.0.1:20918, moz:geckodriverVersion: 0.33.0, moz:headless: false, moz:platformVersion: 10.0, moz:processID: 8492, moz:profile: C:\Users\BSA\AppData\Local\..., moz:shutdownTimeout: 60000, moz:useNonSpecCompliantPointerOrigin: false, moz:webdriverClick: true, moz:windowless: false, pageLoadStrategy: normal, platformName: WINDOWS, proxy: Proxy(), se:cdp: ws://127.0.0.1:20918/devtoo..., se:cdpVersion: 85.0, setWindowRect: true, strictFileInteractability: false, timeouts: {implicit: 0, pageLoad: 300000, script: 30000}, unhandledPromptBehavior: dismiss and notify}" type="org.openqa.selenium.NoSuchSessionException">
      <![CDATA[org.openqa.selenium.NoSuchSessionException: Session ID is null. Using WebDriver after calling quit()?
Build info: version: '4.8.3', revision: 'e5e76298c3'
System info: os.name: 'Windows 11', os.arch: 'amd64', os.version: '10.0', java.version: '11.0.18'
Driver info: org.openqa.selenium.firefox.FirefoxDriver
Command: [null, findElement {using=xpath, value=//span[@class='lbl_input appendBottom5']}]
Capabilities {acceptInsecureCerts: true, browserName: firefox, browserVersion: 115.0.2, moz:accessibilityChecks: false, moz:buildID: 20230710165010, moz:debuggerAddress: 127.0.0.1:20918, moz:geckodriverVersion: 0.33.0, moz:headless: false, moz:platformVersion: 10.0, moz:processID: 8492, moz:profile: C:\Users\BSA\AppData\Local\..., moz:shutdownTimeout: 60000, moz:useNonSpecCompliantPointerOrigin: false, moz:webdriverClick: true, moz:windowless: false, pageLoadStrategy: normal, platformName: WINDOWS, proxy: Proxy(), se:cdp: ws://127.0.0.1:20918/devtoo..., se:cdpVersion: 85.0, setWindowRect: true, strictFileInteractability: false, timeouts: {implicit: 0, pageLoad: 300000, script: 30000}, unhandledPromptBehavior: dismiss and notify}
at org.openqa.selenium.remote.HttpCommandExecutor.execute(HttpCommandExecutor.java:154)
at org.openqa.selenium.remote.service.DriverCommandExecutor.invokeExecute(DriverCommandExecutor.java:183)
at org.openqa.selenium.remote.service.DriverCommandExecutor.execute(DriverCommandExecutor.java:158)
at org.openqa.selenium.remote.RemoteWebDriver.execute(RemoteWebDriver.java:543)
at org.openqa.selenium.remote.ElementLocation$ElementFinder$2.findElement(ElementLocation.java:162)
at org.openqa.selenium.remote.ElementLocation.findElement(ElementLocation.java:60)
at org.openqa.selenium.remote.RemoteWebDriver.findElement(RemoteWebDriver.java:352)
at org.openqa.selenium.remote.RemoteWebDriver.findElement(RemoteWebDriver.java:344)
at com.associateArchitect.Pages.makemytripHomepage.clickTravellers(makemytripHomepage.java:81)
at com.associateArchitect.StepDefinitions.multiTripReservation.selectrandomTravellers(multiTripReservation.java:124)
at ✽.Select the random Travellers for the multiwaytrip(file:///C:/Users/BSA/git/Associate-Architect/AssociateArchitectTestAutomationFramework/./src/test/resources/featureFiles_Cucumber/multiTrip.feature:11)
]]>
    </error>
  </testcase> <!-- runScenario -->
  <system-out/>
</testsuite> <!-- com.associateArchitect.testRunner.testRunner -->
