<?xml version="1.0" encoding="UTF-8"?>
<testng-results ignored="0" total="3" passed="0" failed="3" skipped="0">
  <reporter-output>
  </reporter-output>
  <suite started-at="2023-07-12T12:26:13 IST" name="Default suite" finished-at="2023-07-12T12:27:22 IST" duration-ms="69182">
    <groups>
      <group name="cucumber">
        <method signature="AbstractTestNGCucumberTests.runScenario(io.cucumber.testng.PickleWrapper,io.cucumber.testng.FeatureWrapper)[pri:0, instance:com.associateArchitect.testRunner.testRunner@1caa0244]" name="runScenario" class="io.cucumber.testng.AbstractTestNGCucumberTests"/>
      </group> <!-- cucumber -->
    </groups>
    <test started-at="2023-07-12T12:26:13 IST" name="Default test" finished-at="2023-07-12T12:27:22 IST" duration-ms="69182">
      <class name="com.associateArchitect.testRunner.testRunner">
        <test-method is-config="true" signature="setUpClass(org.testng.ITestContext)[pri:0, instance:com.associateArchitect.testRunner.testRunner@1caa0244]" started-at="2023-07-12T12:26:13 IST" name="setUpClass" finished-at="2023-07-12T12:26:14 IST" duration-ms="461" status="PASS">
          <params>
            <param index="0">
              <value>
                <![CDATA[org.testng.TestRunner@1d2fb82]]>
              </value>
            </param>
          </params>
          <reporter-output>
          </reporter-output>
        </test-method> <!-- setUpClass -->
        <test-method signature="runScenario(io.cucumber.testng.PickleWrapper,io.cucumber.testng.FeatureWrapper)[pri:0, instance:com.associateArchitect.testRunner.testRunner@1caa0244]" started-at="2023-07-12T12:26:14 IST" name="runScenario" description="Runs Cucumber Scenarios" data-provider="scenarios" finished-at="2023-07-12T12:26:30 IST" duration-ms="16394" status="FAIL">
          <params>
            <param index="0">
              <value>
                <![CDATA["Make a multiwayTrip flight reservation"]]>
              </value>
            </param>
            <param index="1">
              <value>
                <![CDATA["Flight Booking for MultiwayTrip"]]>
              </value>
            </param>
          </params>
          <exception class="java.lang.NullPointerException">
            <full-stacktrace>
              <![CDATA[java.lang.NullPointerException
at com.associateArchitect.base.BaseDriver.testStepHandle(BaseDriver.java:142)
at com.associateArchitect.StepDefinitions.multiTripReservation.login(multiTripReservation.java:45)
at ✽.User Login to MakemyTrip site for multiwaytrip(file:///C:/Users/BSA/git/Associate-Architect/AAAutomationFramework/./src/test/resources/featureFiles/multiTrip.feature:5)
]]>
            </full-stacktrace>
          </exception> <!-- java.lang.NullPointerException -->
          <reporter-output>
          </reporter-output>
        </test-method> <!-- runScenario -->
        <test-method signature="runScenario(io.cucumber.testng.PickleWrapper,io.cucumber.testng.FeatureWrapper)[pri:0, instance:com.associateArchitect.testRunner.testRunner@1caa0244]" started-at="2023-07-12T12:26:30 IST" name="runScenario" description="Runs Cucumber Scenarios" data-provider="scenarios" finished-at="2023-07-12T12:26:53 IST" duration-ms="23332" status="FAIL">
          <params>
            <param index="0">
              <value>
                <![CDATA["Make a OnewayTrip flight reservation"]]>
              </value>
            </param>
            <param index="1">
              <value>
                <![CDATA["Flight Booking for OnewayTrip"]]>
              </value>
            </param>
          </params>
          <exception class="java.lang.NullPointerException">
            <full-stacktrace>
              <![CDATA[java.lang.NullPointerException
at com.associateArchitect.base.BaseDriver.testStepHandle(BaseDriver.java:142)
at com.associateArchitect.StepDefinitions.oneTripReservation.login(oneTripReservation.java:57)
at ✽.User Login to MakemyTrip site for onewaytrip(file:///C:/Users/BSA/git/Associate-Architect/AAAutomationFramework/./src/test/resources/featureFiles/onewayTrip.feature:5)
]]>
            </full-stacktrace>
          </exception> <!-- java.lang.NullPointerException -->
          <reporter-output>
          </reporter-output>
        </test-method> <!-- runScenario -->
        <test-method signature="runScenario(io.cucumber.testng.PickleWrapper,io.cucumber.testng.FeatureWrapper)[pri:0, instance:com.associateArchitect.testRunner.testRunner@1caa0244]" started-at="2023-07-12T12:26:53 IST" name="runScenario" description="Runs Cucumber Scenarios" data-provider="scenarios" finished-at="2023-07-12T12:27:22 IST" duration-ms="28894" status="FAIL">
          <params>
            <param index="0">
              <value>
                <![CDATA["Make a RoundTrip flight reservation"]]>
              </value>
            </param>
            <param index="1">
              <value>
                <![CDATA["Flight Booking for RoundTrip"]]>
              </value>
            </param>
          </params>
          <exception class="java.lang.NullPointerException">
            <full-stacktrace>
              <![CDATA[java.lang.NullPointerException
at com.associateArchitect.base.BaseDriver.testStepHandle(BaseDriver.java:142)
at com.associateArchitect.StepDefinitions.roundTripReservation.login(roundTripReservation.java:42)
at ✽.User Login to MakemyTrip(file:///C:/Users/BSA/git/Associate-Architect/AAAutomationFramework/./src/test/resources/featureFiles/roundTrip.feature:5)
]]>
            </full-stacktrace>
          </exception> <!-- java.lang.NullPointerException -->
          <reporter-output>
          </reporter-output>
        </test-method> <!-- runScenario -->
        <test-method is-config="true" signature="tearDownClass()[pri:0, instance:com.associateArchitect.testRunner.testRunner@1caa0244]" started-at="2023-07-12T12:27:22 IST" name="tearDownClass" finished-at="2023-07-12T12:27:22 IST" duration-ms="50" status="PASS">
          <reporter-output>
          </reporter-output>
        </test-method> <!-- tearDownClass -->
      </class> <!-- com.associateArchitect.testRunner.testRunner -->
    </test> <!-- Default test -->
  </suite> <!-- Default suite -->
</testng-results>
