<?xml version="1.0" encoding="UTF-8"?>
<!-- Generated by org.testng.reporters.JUnitXMLReporter -->
<testsuite ignored="0" hostname="BSA-Laptop" failures="3" tests="3" name="Default test" time="69.182" errors="0" timestamp="2023-07-12T12:27:23 IST">
  <testcase classname="io.cucumber.testng.AbstractTestNGCucumberTests" name="runScenario" time="16.394">
    <failure type="java.lang.NullPointerException">
      <![CDATA[java.lang.NullPointerException
at com.associateArchitect.base.BaseDriver.testStepHandle(BaseDriver.java:142)
at com.associateArchitect.StepDefinitions.multiTripReservation.login(multiTripReservation.java:45)
at ✽.User Login to MakemyTrip site for multiwaytrip(file:///C:/Users/BSA/git/Associate-Architect/AAAutomationFramework/./src/test/resources/featureFiles/multiTrip.feature:5)
]]>
    </failure>
  </testcase> <!-- runScenario -->
  <testcase classname="io.cucumber.testng.AbstractTestNGCucumberTests" name="runScenario" time="23.332">
    <failure type="java.lang.NullPointerException">
      <![CDATA[java.lang.NullPointerException
at com.associateArchitect.base.BaseDriver.testStepHandle(BaseDriver.java:142)
at com.associateArchitect.StepDefinitions.oneTripReservation.login(oneTripReservation.java:57)
at ✽.User Login to MakemyTrip site for onewaytrip(file:///C:/Users/BSA/git/Associate-Architect/AAAutomationFramework/./src/test/resources/featureFiles/onewayTrip.feature:5)
]]>
    </failure>
  </testcase> <!-- runScenario -->
  <testcase classname="io.cucumber.testng.AbstractTestNGCucumberTests" name="runScenario" time="28.894">
    <failure type="java.lang.NullPointerException">
      <![CDATA[java.lang.NullPointerException
at com.associateArchitect.base.BaseDriver.testStepHandle(BaseDriver.java:142)
at com.associateArchitect.StepDefinitions.roundTripReservation.login(roundTripReservation.java:42)
at ✽.User Login to MakemyTrip(file:///C:/Users/BSA/git/Associate-Architect/AAAutomationFramework/./src/test/resources/featureFiles/roundTrip.feature:5)
]]>
    </failure>
  </testcase> <!-- runScenario -->
</testsuite> <!-- Default test -->
